c:\users\jordi\documents\github\sdl-game-2\sdl game 2 - master - handout\debug\vc120.pdb
c:\users\jordi\documents\github\sdl-game-2\sdl game 2 - master - handout\debug\vc120.idb
c:\users\jordi\documents\github\sdl-game-2\sdl game 2 - master - handout\debug\application.obj
c:\users\jordi\documents\github\sdl-game-2\sdl game 2 - master - handout\debug\log.obj
c:\users\jordi\documents\github\sdl-game-2\sdl game 2 - master - handout\debug\main.obj
c:\users\jordi\documents\github\sdl-game-2\sdl game 2 - master - handout\debug\moduleaudio.obj
c:\users\jordi\documents\github\sdl-game-2\sdl game 2 - master - handout\debug\modulefadetoblack.obj
c:\users\jordi\documents\github\sdl-game-2\sdl game 2 - master - handout\debug\moduleinput.obj
c:\users\jordi\documents\github\sdl-game-2\sdl game 2 - master - handout\debug\moduleplayer.obj
c:\users\jordi\documents\github\sdl-game-2\sdl game 2 - master - handout\debug\modulerender.obj
c:\users\jordi\documents\github\sdl-game-2\sdl game 2 - master - handout\debug\modulesceneken.obj
c:\users\jordi\documents\github\sdl-game-2\sdl game 2 - master - handout\debug\moduletextures.obj
c:\users\jordi\documents\github\sdl-game-2\sdl game 2 - master - handout\debug\modulewindow.obj
c:\users\jordi\documents\github\sdl-game-2\sdl game 2 - master - handout\debug\modulescenehonda.obj
c:\users\jordi\documents\github\sdl-game-2\sdl game 2 - master - handout\debug\moduleparticlesystem.obj
c:\users\jordi\documents\github\sdl-game-2\sdl game 2 - master - handout\debug\particle.obj
c:\users\jordi\documents\github\sdl-game-2\sdl game 2 - master - handout\debug\timer.obj
c:\users\jordi\documents\github\sdl-game-2\sdl game 2 - master - handout\debug\collider.obj
c:\users\jordi\documents\github\sdl-game-2\sdl game 2 - master - handout\debug\modulecollisions.obj
c:\users\jordi\documents\github\sdl-game-2\sdl game 2 - master - handout\debug\moduleplayer2.obj
c:\users\jordi\documents\github\sdl-game-2\sdl game 2 - master - handout\debug\sdl game - master 1.pdb
c:\users\jordi\documents\github\sdl-game-2\sdl game 2 - master - handout\debug\sdl game.746cc4c3.tlog\cl.command.1.tlog
c:\users\jordi\documents\github\sdl-game-2\sdl game 2 - master - handout\debug\sdl game.746cc4c3.tlog\cl.read.1.tlog
c:\users\jordi\documents\github\sdl-game-2\sdl game 2 - master - handout\debug\sdl game.746cc4c3.tlog\cl.write.1.tlog
c:\users\jordi\documents\github\sdl-game-2\sdl game 2 - master - handout\debug\sdl game.746cc4c3.tlog\link-cvtres.read.1.tlog
c:\users\jordi\documents\github\sdl-game-2\sdl game 2 - master - handout\debug\sdl game.746cc4c3.tlog\link-cvtres.write.1.tlog
c:\users\jordi\documents\github\sdl-game-2\sdl game 2 - master - handout\debug\sdl game.746cc4c3.tlog\link-rc.read.1.tlog
c:\users\jordi\documents\github\sdl-game-2\sdl game 2 - master - handout\debug\sdl game.746cc4c3.tlog\link-rc.write.1.tlog
c:\users\jordi\documents\github\sdl-game-2\sdl game 2 - master - handout\debug\sdl game.746cc4c3.tlog\link.11692-cvtres.read.1.tlog
c:\users\jordi\documents\github\sdl-game-2\sdl game 2 - master - handout\debug\sdl game.746cc4c3.tlog\link.11692-cvtres.write.1.tlog
c:\users\jordi\documents\github\sdl-game-2\sdl game 2 - master - handout\debug\sdl game.746cc4c3.tlog\link.11692-rc.read.1.tlog
c:\users\jordi\documents\github\sdl-game-2\sdl game 2 - master - handout\debug\sdl game.746cc4c3.tlog\link.11692-rc.write.1.tlog
c:\users\jordi\documents\github\sdl-game-2\sdl game 2 - master - handout\debug\sdl game.746cc4c3.tlog\link.11692.read.1.tlog
c:\users\jordi\documents\github\sdl-game-2\sdl game 2 - master - handout\debug\sdl game.746cc4c3.tlog\link.11692.write.1.tlog
c:\users\jordi\documents\github\sdl-game-2\sdl game 2 - master - handout\debug\sdl game.746cc4c3.tlog\link.command.1.tlog
c:\users\jordi\documents\github\sdl-game-2\sdl game 2 - master - handout\debug\sdl game.746cc4c3.tlog\link.read.1.tlog
c:\users\jordi\documents\github\sdl-game-2\sdl game 2 - master - handout\debug\sdl game.746cc4c3.tlog\link.write.1.tlog
