Build started 10/12/2015 18:12:31.
     1>Project "C:\Users\jordicd8\Documents\GitHub\SDL-Game-2\SDL Game 2 - Master - Handout\SDL Game.vcxproj" on node 2 (Build target(s)).
     1>ClCompile:
         C:\Program Files (x86)\Microsoft Visual Studio 12.0\VC\bin\CL.exe /c /ZI /nologo /W3 /WX- /sdl- /Od /Oy- /D _MBCS /Gm /EHsc /RTC1 /MDd /GS /fp:precise /Zc:wchar_t /Zc:forScope /Fo"Debug\\" /Fd"Debug\vc120.pdb" /Gd /TP /analyze- /errorReport:prompt Application.cpp Log.cpp Main.cpp ModuleAudio.cpp ModuleFadeToBlack.cpp ModuleInput.cpp ModulePlayer.cpp ModuleRender.cpp ModuleSceneHonda.cpp ModuleSceneKen.cpp ModuleTextures.cpp ModuleWindow.cpp
         ModuleWindow.cpp
         ModuleTextures.cpp
         ModuleSceneKen.cpp
     1>c:\users\jordicd8\documents\github\sdl-game-2\sdl game 2 - master - handout\modulesceneken.cpp(88): warning C4244: 'argument' : conversion from 'float' to 'int', possible loss of data
     1>c:\users\jordicd8\documents\github\sdl-game-2\sdl game 2 - master - handout\modulesceneken.cpp(95): warning C4305: '+=' : truncation from 'double' to 'float'
     1>c:\users\jordicd8\documents\github\sdl-game-2\sdl game 2 - master - handout\modulesceneken.cpp(100): warning C4305: '-=' : truncation from 'double' to 'float'
     1>c:\users\jordicd8\documents\github\sdl-game-2\sdl game 2 - master - handout\modulesceneken.cpp(105): warning C4244: 'argument' : conversion from 'float' to 'int', possible loss of data
         ModuleSceneHonda.cpp
         ModuleRender.cpp
         ModulePlayer.cpp
         ModuleInput.cpp
         ModuleFadeToBlack.cpp
         ModuleAudio.cpp
         Main.cpp
         Log.cpp
         Application.cpp
         Generating Code...
       Link:
         C:\Program Files (x86)\Microsoft Visual Studio 12.0\VC\bin\link.exe /ERRORREPORT:PROMPT /OUT:"C:\Users\jordicd8\Documents\GitHub\SDL-Game-2\SDL Game 2 - Master - Handout\Debug\SDL Game - Master 1.exe" /INCREMENTAL /NOLOGO kernel32.lib user32.lib gdi32.lib winspool.lib comdlg32.lib advapi32.lib shell32.lib ole32.lib oleaut32.lib uuid.lib odbc32.lib odbccp32.lib /MANIFEST /MANIFESTUAC:"level='asInvoker' uiAccess='false'" /manifest:embed /DEBUG /PDB:"C:\Users\jordicd8\Documents\GitHub\SDL-Game-2\SDL Game 2 - Master - Handout\Debug\SDL Game - Master 1.pdb" /SUBSYSTEM:WINDOWS /TLBID:1 /DYNAMICBASE /NXCOMPAT /IMPLIB:"C:\Users\jordicd8\Documents\GitHub\SDL-Game-2\SDL Game 2 - Master - Handout\Debug\SDL Game - Master 1.lib" /MACHINE:X86 Debug\Application.obj
         Debug\Log.obj
         Debug\Main.obj
         Debug\ModuleAudio.obj
         Debug\ModuleFadeToBlack.obj
         Debug\ModuleInput.obj
         Debug\ModulePlayer.obj
         Debug\ModuleRender.obj
         Debug\ModuleSceneHonda.obj
         Debug\ModuleSceneKen.obj
         Debug\ModuleTextures.obj
         Debug\ModuleWindow.obj
     1>MSVCRTD.lib(cinitexe.obj) : warning LNK4098: defaultlib 'msvcrt.lib' conflicts with use of other libs; use /NODEFAULTLIB:library
         SDL Game.vcxproj -> C:\Users\jordicd8\Documents\GitHub\SDL-Game-2\SDL Game 2 - Master - Handout\Debug\SDL Game - Master 1.exe
     1>Done Building Project "C:\Users\jordicd8\Documents\GitHub\SDL-Game-2\SDL Game 2 - Master - Handout\SDL Game.vcxproj" (Build target(s)).

Build succeeded.

Time Elapsed 00:00:03.47
